-------------------------------------------------------------------------------
Test set: TestSuite
-------------------------------------------------------------------------------
Tests run: 1, Failures: 1, Errors: 0, Skipped: 0, Time elapsed: 15.807 s <<< FAILURE! - in TestSuite
com.odoo.scripts.LoginTest.validlogin  Time elapsed: 5.215 s  <<< FAILURE!
java.lang.NullPointerException
	at com.odoo.scripts.LoginTest.validlogin(LoginTest.java:20)

