<?xml version="1.0" encoding="UTF-8"?>
<!-- Generated by org.testng.reporters.JUnitXMLReporter -->
<testsuite hostname="DESKTOP-J5PG75Q" ignored="0" name="Test" tests="1" failures="1" timestamp="22 Jan 2020 08:19:18 GMT" time="12.502" errors="0">
  <testcase name="validlogin" time="4.508" classname="com.odoo.scripts.LoginTest">
    <failure type="java.lang.NullPointerException">
      <![CDATA[java.lang.NullPointerException
at com.odoo.webutils.MyTestListener.beforeFindBy(MyTestListener.java:135)
at org.openqa.selenium.support.events.EventFiringWebDriver.lambda$new$0(EventFiringWebDriver.java:84)
at com.sun.proxy.$Proxy4.beforeFindBy(Unknown Source)
at org.openqa.selenium.support.events.EventFiringWebDriver.findElement(EventFiringWebDriver.java:193)
at com.odoo.steps.LoginSteps.enterUserName(LoginSteps.java:21)
at com.odoo.feature.LoginFeature.login(LoginFeature.java:21)
at com.odoo.scripts.LoginTest.validlogin(LoginTest.java:20)
... Removed 33 stack frames]]>
    </failure>
  </testcase> <!-- validlogin -->
</testsuite> <!-- Test -->
